Determining if the pthread_create exist failed with the following output:
Change Dir: /home/mateusz/ros/catkin_ws/build_isolated/rosserial_python/CMakeFiles/CMakeTmp

Run Build Command:"/usr/bin/make" "cmTC_dc1ac/fast"
/usr/bin/make -f CMakeFiles/cmTC_dc1ac.dir/build.make CMakeFiles/cmTC_dc1ac.dir/build
make[1]: Entering directory '/home/mateusz/ros/catkin_ws/build_isolated/rosserial_python/CMakeFiles/CMakeTmp'
Building C object CMakeFiles/cmTC_dc1ac.dir/CheckSymbolExists.c.o
/usr/bin/cc    -o CMakeFiles/cmTC_dc1ac.dir/CheckSymbolExists.c.o   -c /home/mateusz/ros/catkin_ws/build_isolated/rosserial_python/CMakeFiles/CMakeTmp/CheckSymbolExists.c
Linking C executable cmTC_dc1ac
/usr/bin/cmake -E cmake_link_script CMakeFiles/cmTC_dc1ac.dir/link.txt --verbose=1
/usr/bin/cc      -rdynamic CMakeFiles/cmTC_dc1ac.dir/CheckSymbolExists.c.o  -o cmTC_dc1ac 
CMakeFiles/cmTC_dc1ac.dir/CheckSymbolExists.c.o: In function `main':
CheckSymbolExists.c:(.text+0x1b): undefined reference to `pthread_create'
collect2: error: ld returned 1 exit status
CMakeFiles/cmTC_dc1ac.dir/build.make:97: recipe for target 'cmTC_dc1ac' failed
make[1]: *** [cmTC_dc1ac] Error 1
make[1]: Leaving directory '/home/mateusz/ros/catkin_ws/build_isolated/rosserial_python/CMakeFiles/CMakeTmp'
Makefile:126: recipe for target 'cmTC_dc1ac/fast' failed
make: *** [cmTC_dc1ac/fast] Error 2

File /home/mateusz/ros/catkin_ws/build_isolated/rosserial_python/CMakeFiles/CMakeTmp/CheckSymbolExists.c:
/* */
#include <pthread.h>

int main(int argc, char** argv)
{
  (void)argv;
#ifndef pthread_create
  return ((int*)(&pthread_create))[argc];
#else
  (void)argc;
  return 0;
#endif
}

Determining if the function pthread_create exists in the pthreads failed with the following output:
Change Dir: /home/mateusz/ros/catkin_ws/build_isolated/rosserial_python/CMakeFiles/CMakeTmp

Run Build Command:"/usr/bin/make" "cmTC_30c48/fast"
/usr/bin/make -f CMakeFiles/cmTC_30c48.dir/build.make CMakeFiles/cmTC_30c48.dir/build
make[1]: Entering directory '/home/mateusz/ros/catkin_ws/build_isolated/rosserial_python/CMakeFiles/CMakeTmp'
Building C object CMakeFiles/cmTC_30c48.dir/CheckFunctionExists.c.o
/usr/bin/cc   -DCHECK_FUNCTION_EXISTS=pthread_create   -o CMakeFiles/cmTC_30c48.dir/CheckFunctionExists.c.o   -c /usr/share/cmake-3.10/Modules/CheckFunctionExists.c
Linking C executable cmTC_30c48
/usr/bin/cmake -E cmake_link_script CMakeFiles/cmTC_30c48.dir/link.txt --verbose=1
/usr/bin/cc  -DCHECK_FUNCTION_EXISTS=pthread_create    -rdynamic CMakeFiles/cmTC_30c48.dir/CheckFunctionExists.c.o  -o cmTC_30c48 -lpthreads 
/usr/bin/ld: cannot find -lpthreads
collect2: error: ld returned 1 exit status
CMakeFiles/cmTC_30c48.dir/build.make:97: recipe for target 'cmTC_30c48' failed
make[1]: *** [cmTC_30c48] Error 1
make[1]: Leaving directory '/home/mateusz/ros/catkin_ws/build_isolated/rosserial_python/CMakeFiles/CMakeTmp'
Makefile:126: recipe for target 'cmTC_30c48/fast' failed
make: *** [cmTC_30c48/fast] Error 2


