Determining if the pthread_create exist failed with the following output:
Change Dir: /home/mateusz/ros/catkin_ws/build_isolated/rosserial_server/CMakeFiles/CMakeTmp

Run Build Command:"/usr/bin/make" "cmTC_6dfae/fast"
/usr/bin/make -f CMakeFiles/cmTC_6dfae.dir/build.make CMakeFiles/cmTC_6dfae.dir/build
make[1]: Entering directory '/home/mateusz/ros/catkin_ws/build_isolated/rosserial_server/CMakeFiles/CMakeTmp'
Building C object CMakeFiles/cmTC_6dfae.dir/CheckSymbolExists.c.o
/usr/bin/cc    -o CMakeFiles/cmTC_6dfae.dir/CheckSymbolExists.c.o   -c /home/mateusz/ros/catkin_ws/build_isolated/rosserial_server/CMakeFiles/CMakeTmp/CheckSymbolExists.c
Linking C executable cmTC_6dfae
/usr/bin/cmake -E cmake_link_script CMakeFiles/cmTC_6dfae.dir/link.txt --verbose=1
/usr/bin/cc      -rdynamic CMakeFiles/cmTC_6dfae.dir/CheckSymbolExists.c.o  -o cmTC_6dfae 
CMakeFiles/cmTC_6dfae.dir/CheckSymbolExists.c.o: In function `main':
CheckSymbolExists.c:(.text+0x1b): undefined reference to `pthread_create'
collect2: error: ld returned 1 exit status
CMakeFiles/cmTC_6dfae.dir/build.make:97: recipe for target 'cmTC_6dfae' failed
make[1]: *** [cmTC_6dfae] Error 1
make[1]: Leaving directory '/home/mateusz/ros/catkin_ws/build_isolated/rosserial_server/CMakeFiles/CMakeTmp'
Makefile:126: recipe for target 'cmTC_6dfae/fast' failed
make: *** [cmTC_6dfae/fast] Error 2

File /home/mateusz/ros/catkin_ws/build_isolated/rosserial_server/CMakeFiles/CMakeTmp/CheckSymbolExists.c:
/* */
#include <pthread.h>

int main(int argc, char** argv)
{
  (void)argv;
#ifndef pthread_create
  return ((int*)(&pthread_create))[argc];
#else
  (void)argc;
  return 0;
#endif
}

Determining if the function pthread_create exists in the pthreads failed with the following output:
Change Dir: /home/mateusz/ros/catkin_ws/build_isolated/rosserial_server/CMakeFiles/CMakeTmp

Run Build Command:"/usr/bin/make" "cmTC_a1ff9/fast"
/usr/bin/make -f CMakeFiles/cmTC_a1ff9.dir/build.make CMakeFiles/cmTC_a1ff9.dir/build
make[1]: Entering directory '/home/mateusz/ros/catkin_ws/build_isolated/rosserial_server/CMakeFiles/CMakeTmp'
Building C object CMakeFiles/cmTC_a1ff9.dir/CheckFunctionExists.c.o
/usr/bin/cc   -DCHECK_FUNCTION_EXISTS=pthread_create   -o CMakeFiles/cmTC_a1ff9.dir/CheckFunctionExists.c.o   -c /usr/share/cmake-3.10/Modules/CheckFunctionExists.c
Linking C executable cmTC_a1ff9
/usr/bin/cmake -E cmake_link_script CMakeFiles/cmTC_a1ff9.dir/link.txt --verbose=1
/usr/bin/cc  -DCHECK_FUNCTION_EXISTS=pthread_create    -rdynamic CMakeFiles/cmTC_a1ff9.dir/CheckFunctionExists.c.o  -o cmTC_a1ff9 -lpthreads 
/usr/bin/ld: cannot find -lpthreads
collect2: error: ld returned 1 exit status
CMakeFiles/cmTC_a1ff9.dir/build.make:97: recipe for target 'cmTC_a1ff9' failed
make[1]: *** [cmTC_a1ff9] Error 1
make[1]: Leaving directory '/home/mateusz/ros/catkin_ws/build_isolated/rosserial_server/CMakeFiles/CMakeTmp'
Makefile:126: recipe for target 'cmTC_a1ff9/fast' failed
make: *** [cmTC_a1ff9/fast] Error 2


