Determining if the pthread_create exist failed with the following output:
Change Dir: /home/mateusz/ros/catkin_ws/build_isolated/rosserial_tivac/CMakeFiles/CMakeTmp

Run Build Command:"/usr/bin/make" "cmTC_7d1da/fast"
/usr/bin/make -f CMakeFiles/cmTC_7d1da.dir/build.make CMakeFiles/cmTC_7d1da.dir/build
make[1]: Entering directory '/home/mateusz/ros/catkin_ws/build_isolated/rosserial_tivac/CMakeFiles/CMakeTmp'
Building C object CMakeFiles/cmTC_7d1da.dir/CheckSymbolExists.c.o
/usr/bin/cc    -o CMakeFiles/cmTC_7d1da.dir/CheckSymbolExists.c.o   -c /home/mateusz/ros/catkin_ws/build_isolated/rosserial_tivac/CMakeFiles/CMakeTmp/CheckSymbolExists.c
Linking C executable cmTC_7d1da
/usr/bin/cmake -E cmake_link_script CMakeFiles/cmTC_7d1da.dir/link.txt --verbose=1
/usr/bin/cc      -rdynamic CMakeFiles/cmTC_7d1da.dir/CheckSymbolExists.c.o  -o cmTC_7d1da 
CMakeFiles/cmTC_7d1da.dir/CheckSymbolExists.c.o: In function `main':
CheckSymbolExists.c:(.text+0x1b): undefined reference to `pthread_create'
collect2: error: ld returned 1 exit status
CMakeFiles/cmTC_7d1da.dir/build.make:97: recipe for target 'cmTC_7d1da' failed
make[1]: *** [cmTC_7d1da] Error 1
make[1]: Leaving directory '/home/mateusz/ros/catkin_ws/build_isolated/rosserial_tivac/CMakeFiles/CMakeTmp'
Makefile:126: recipe for target 'cmTC_7d1da/fast' failed
make: *** [cmTC_7d1da/fast] Error 2

File /home/mateusz/ros/catkin_ws/build_isolated/rosserial_tivac/CMakeFiles/CMakeTmp/CheckSymbolExists.c:
/* */
#include <pthread.h>

int main(int argc, char** argv)
{
  (void)argv;
#ifndef pthread_create
  return ((int*)(&pthread_create))[argc];
#else
  (void)argc;
  return 0;
#endif
}

Determining if the function pthread_create exists in the pthreads failed with the following output:
Change Dir: /home/mateusz/ros/catkin_ws/build_isolated/rosserial_tivac/CMakeFiles/CMakeTmp

Run Build Command:"/usr/bin/make" "cmTC_8cc64/fast"
/usr/bin/make -f CMakeFiles/cmTC_8cc64.dir/build.make CMakeFiles/cmTC_8cc64.dir/build
make[1]: Entering directory '/home/mateusz/ros/catkin_ws/build_isolated/rosserial_tivac/CMakeFiles/CMakeTmp'
Building C object CMakeFiles/cmTC_8cc64.dir/CheckFunctionExists.c.o
/usr/bin/cc   -DCHECK_FUNCTION_EXISTS=pthread_create   -o CMakeFiles/cmTC_8cc64.dir/CheckFunctionExists.c.o   -c /usr/share/cmake-3.10/Modules/CheckFunctionExists.c
Linking C executable cmTC_8cc64
/usr/bin/cmake -E cmake_link_script CMakeFiles/cmTC_8cc64.dir/link.txt --verbose=1
/usr/bin/cc  -DCHECK_FUNCTION_EXISTS=pthread_create    -rdynamic CMakeFiles/cmTC_8cc64.dir/CheckFunctionExists.c.o  -o cmTC_8cc64 -lpthreads 
/usr/bin/ld: cannot find -lpthreads
collect2: error: ld returned 1 exit status
CMakeFiles/cmTC_8cc64.dir/build.make:97: recipe for target 'cmTC_8cc64' failed
make[1]: *** [cmTC_8cc64] Error 1
make[1]: Leaving directory '/home/mateusz/ros/catkin_ws/build_isolated/rosserial_tivac/CMakeFiles/CMakeTmp'
Makefile:126: recipe for target 'cmTC_8cc64/fast' failed
make: *** [cmTC_8cc64/fast] Error 2


