Determining if the pthread_create exist failed with the following output:
Change Dir: /home/mateusz/ros/catkin_ws/build_isolated/rosserial_embeddedlinux/CMakeFiles/CMakeTmp

Run Build Command:"/usr/bin/make" "cmTC_ada54/fast"
/usr/bin/make -f CMakeFiles/cmTC_ada54.dir/build.make CMakeFiles/cmTC_ada54.dir/build
make[1]: Entering directory '/home/mateusz/ros/catkin_ws/build_isolated/rosserial_embeddedlinux/CMakeFiles/CMakeTmp'
Building C object CMakeFiles/cmTC_ada54.dir/CheckSymbolExists.c.o
/usr/bin/cc    -o CMakeFiles/cmTC_ada54.dir/CheckSymbolExists.c.o   -c /home/mateusz/ros/catkin_ws/build_isolated/rosserial_embeddedlinux/CMakeFiles/CMakeTmp/CheckSymbolExists.c
Linking C executable cmTC_ada54
/usr/bin/cmake -E cmake_link_script CMakeFiles/cmTC_ada54.dir/link.txt --verbose=1
/usr/bin/cc      -rdynamic CMakeFiles/cmTC_ada54.dir/CheckSymbolExists.c.o  -o cmTC_ada54 
CMakeFiles/cmTC_ada54.dir/CheckSymbolExists.c.o: In function `main':
CheckSymbolExists.c:(.text+0x1b): undefined reference to `pthread_create'
collect2: error: ld returned 1 exit status
CMakeFiles/cmTC_ada54.dir/build.make:97: recipe for target 'cmTC_ada54' failed
make[1]: *** [cmTC_ada54] Error 1
make[1]: Leaving directory '/home/mateusz/ros/catkin_ws/build_isolated/rosserial_embeddedlinux/CMakeFiles/CMakeTmp'
Makefile:126: recipe for target 'cmTC_ada54/fast' failed
make: *** [cmTC_ada54/fast] Error 2

File /home/mateusz/ros/catkin_ws/build_isolated/rosserial_embeddedlinux/CMakeFiles/CMakeTmp/CheckSymbolExists.c:
/* */
#include <pthread.h>

int main(int argc, char** argv)
{
  (void)argv;
#ifndef pthread_create
  return ((int*)(&pthread_create))[argc];
#else
  (void)argc;
  return 0;
#endif
}

Determining if the function pthread_create exists in the pthreads failed with the following output:
Change Dir: /home/mateusz/ros/catkin_ws/build_isolated/rosserial_embeddedlinux/CMakeFiles/CMakeTmp

Run Build Command:"/usr/bin/make" "cmTC_134e0/fast"
/usr/bin/make -f CMakeFiles/cmTC_134e0.dir/build.make CMakeFiles/cmTC_134e0.dir/build
make[1]: Entering directory '/home/mateusz/ros/catkin_ws/build_isolated/rosserial_embeddedlinux/CMakeFiles/CMakeTmp'
Building C object CMakeFiles/cmTC_134e0.dir/CheckFunctionExists.c.o
/usr/bin/cc   -DCHECK_FUNCTION_EXISTS=pthread_create   -o CMakeFiles/cmTC_134e0.dir/CheckFunctionExists.c.o   -c /usr/share/cmake-3.10/Modules/CheckFunctionExists.c
Linking C executable cmTC_134e0
/usr/bin/cmake -E cmake_link_script CMakeFiles/cmTC_134e0.dir/link.txt --verbose=1
/usr/bin/cc  -DCHECK_FUNCTION_EXISTS=pthread_create    -rdynamic CMakeFiles/cmTC_134e0.dir/CheckFunctionExists.c.o  -o cmTC_134e0 -lpthreads 
/usr/bin/ld: cannot find -lpthreads
collect2: error: ld returned 1 exit status
CMakeFiles/cmTC_134e0.dir/build.make:97: recipe for target 'cmTC_134e0' failed
make[1]: *** [cmTC_134e0] Error 1
make[1]: Leaving directory '/home/mateusz/ros/catkin_ws/build_isolated/rosserial_embeddedlinux/CMakeFiles/CMakeTmp'
Makefile:126: recipe for target 'cmTC_134e0/fast' failed
make: *** [cmTC_134e0/fast] Error 2


