Determining if the pthread_create exist failed with the following output:
Change Dir: /home/mateusz/ros/catkin_ws/build_isolated/rosserial_chibios/CMakeFiles/CMakeTmp

Run Build Command:"/usr/bin/make" "cmTC_c45eb/fast"
/usr/bin/make -f CMakeFiles/cmTC_c45eb.dir/build.make CMakeFiles/cmTC_c45eb.dir/build
make[1]: Entering directory '/home/mateusz/ros/catkin_ws/build_isolated/rosserial_chibios/CMakeFiles/CMakeTmp'
Building C object CMakeFiles/cmTC_c45eb.dir/CheckSymbolExists.c.o
/usr/bin/cc    -o CMakeFiles/cmTC_c45eb.dir/CheckSymbolExists.c.o   -c /home/mateusz/ros/catkin_ws/build_isolated/rosserial_chibios/CMakeFiles/CMakeTmp/CheckSymbolExists.c
Linking C executable cmTC_c45eb
/usr/bin/cmake -E cmake_link_script CMakeFiles/cmTC_c45eb.dir/link.txt --verbose=1
/usr/bin/cc      -rdynamic CMakeFiles/cmTC_c45eb.dir/CheckSymbolExists.c.o  -o cmTC_c45eb 
CMakeFiles/cmTC_c45eb.dir/CheckSymbolExists.c.o: In function `main':
CheckSymbolExists.c:(.text+0x1b): undefined reference to `pthread_create'
collect2: error: ld returned 1 exit status
CMakeFiles/cmTC_c45eb.dir/build.make:97: recipe for target 'cmTC_c45eb' failed
make[1]: *** [cmTC_c45eb] Error 1
make[1]: Leaving directory '/home/mateusz/ros/catkin_ws/build_isolated/rosserial_chibios/CMakeFiles/CMakeTmp'
Makefile:126: recipe for target 'cmTC_c45eb/fast' failed
make: *** [cmTC_c45eb/fast] Error 2

File /home/mateusz/ros/catkin_ws/build_isolated/rosserial_chibios/CMakeFiles/CMakeTmp/CheckSymbolExists.c:
/* */
#include <pthread.h>

int main(int argc, char** argv)
{
  (void)argv;
#ifndef pthread_create
  return ((int*)(&pthread_create))[argc];
#else
  (void)argc;
  return 0;
#endif
}

Determining if the function pthread_create exists in the pthreads failed with the following output:
Change Dir: /home/mateusz/ros/catkin_ws/build_isolated/rosserial_chibios/CMakeFiles/CMakeTmp

Run Build Command:"/usr/bin/make" "cmTC_dd684/fast"
/usr/bin/make -f CMakeFiles/cmTC_dd684.dir/build.make CMakeFiles/cmTC_dd684.dir/build
make[1]: Entering directory '/home/mateusz/ros/catkin_ws/build_isolated/rosserial_chibios/CMakeFiles/CMakeTmp'
Building C object CMakeFiles/cmTC_dd684.dir/CheckFunctionExists.c.o
/usr/bin/cc   -DCHECK_FUNCTION_EXISTS=pthread_create   -o CMakeFiles/cmTC_dd684.dir/CheckFunctionExists.c.o   -c /usr/share/cmake-3.10/Modules/CheckFunctionExists.c
Linking C executable cmTC_dd684
/usr/bin/cmake -E cmake_link_script CMakeFiles/cmTC_dd684.dir/link.txt --verbose=1
/usr/bin/cc  -DCHECK_FUNCTION_EXISTS=pthread_create    -rdynamic CMakeFiles/cmTC_dd684.dir/CheckFunctionExists.c.o  -o cmTC_dd684 -lpthreads 
/usr/bin/ld: cannot find -lpthreads
collect2: error: ld returned 1 exit status
CMakeFiles/cmTC_dd684.dir/build.make:97: recipe for target 'cmTC_dd684' failed
make[1]: *** [cmTC_dd684] Error 1
make[1]: Leaving directory '/home/mateusz/ros/catkin_ws/build_isolated/rosserial_chibios/CMakeFiles/CMakeTmp'
Makefile:126: recipe for target 'cmTC_dd684/fast' failed
make: *** [cmTC_dd684/fast] Error 2


