Determining if the pthread_create exist failed with the following output:
Change Dir: /home/mateusz/ros/catkin_ws/build_isolated/rosserial_mbed/CMakeFiles/CMakeTmp

Run Build Command:"/usr/bin/make" "cmTC_cf22c/fast"
/usr/bin/make -f CMakeFiles/cmTC_cf22c.dir/build.make CMakeFiles/cmTC_cf22c.dir/build
make[1]: Entering directory '/home/mateusz/ros/catkin_ws/build_isolated/rosserial_mbed/CMakeFiles/CMakeTmp'
Building C object CMakeFiles/cmTC_cf22c.dir/CheckSymbolExists.c.o
/usr/bin/cc    -o CMakeFiles/cmTC_cf22c.dir/CheckSymbolExists.c.o   -c /home/mateusz/ros/catkin_ws/build_isolated/rosserial_mbed/CMakeFiles/CMakeTmp/CheckSymbolExists.c
Linking C executable cmTC_cf22c
/usr/bin/cmake -E cmake_link_script CMakeFiles/cmTC_cf22c.dir/link.txt --verbose=1
/usr/bin/cc      -rdynamic CMakeFiles/cmTC_cf22c.dir/CheckSymbolExists.c.o  -o cmTC_cf22c 
CMakeFiles/cmTC_cf22c.dir/CheckSymbolExists.c.o: In function `main':
CheckSymbolExists.c:(.text+0x1b): undefined reference to `pthread_create'
collect2: error: ld returned 1 exit status
CMakeFiles/cmTC_cf22c.dir/build.make:97: recipe for target 'cmTC_cf22c' failed
make[1]: *** [cmTC_cf22c] Error 1
make[1]: Leaving directory '/home/mateusz/ros/catkin_ws/build_isolated/rosserial_mbed/CMakeFiles/CMakeTmp'
Makefile:126: recipe for target 'cmTC_cf22c/fast' failed
make: *** [cmTC_cf22c/fast] Error 2

File /home/mateusz/ros/catkin_ws/build_isolated/rosserial_mbed/CMakeFiles/CMakeTmp/CheckSymbolExists.c:
/* */
#include <pthread.h>

int main(int argc, char** argv)
{
  (void)argv;
#ifndef pthread_create
  return ((int*)(&pthread_create))[argc];
#else
  (void)argc;
  return 0;
#endif
}

Determining if the function pthread_create exists in the pthreads failed with the following output:
Change Dir: /home/mateusz/ros/catkin_ws/build_isolated/rosserial_mbed/CMakeFiles/CMakeTmp

Run Build Command:"/usr/bin/make" "cmTC_1f722/fast"
/usr/bin/make -f CMakeFiles/cmTC_1f722.dir/build.make CMakeFiles/cmTC_1f722.dir/build
make[1]: Entering directory '/home/mateusz/ros/catkin_ws/build_isolated/rosserial_mbed/CMakeFiles/CMakeTmp'
Building C object CMakeFiles/cmTC_1f722.dir/CheckFunctionExists.c.o
/usr/bin/cc   -DCHECK_FUNCTION_EXISTS=pthread_create   -o CMakeFiles/cmTC_1f722.dir/CheckFunctionExists.c.o   -c /usr/share/cmake-3.10/Modules/CheckFunctionExists.c
Linking C executable cmTC_1f722
/usr/bin/cmake -E cmake_link_script CMakeFiles/cmTC_1f722.dir/link.txt --verbose=1
/usr/bin/cc  -DCHECK_FUNCTION_EXISTS=pthread_create    -rdynamic CMakeFiles/cmTC_1f722.dir/CheckFunctionExists.c.o  -o cmTC_1f722 -lpthreads 
/usr/bin/ld: cannot find -lpthreads
collect2: error: ld returned 1 exit status
CMakeFiles/cmTC_1f722.dir/build.make:97: recipe for target 'cmTC_1f722' failed
make[1]: *** [cmTC_1f722] Error 1
make[1]: Leaving directory '/home/mateusz/ros/catkin_ws/build_isolated/rosserial_mbed/CMakeFiles/CMakeTmp'
Makefile:126: recipe for target 'cmTC_1f722/fast' failed
make: *** [cmTC_1f722/fast] Error 2


