Determining if the pthread_create exist failed with the following output:
Change Dir: /home/mateusz/ros/catkin_ws/build_isolated/rosserial_vex_v5/CMakeFiles/CMakeTmp

Run Build Command:"/usr/bin/make" "cmTC_86082/fast"
/usr/bin/make -f CMakeFiles/cmTC_86082.dir/build.make CMakeFiles/cmTC_86082.dir/build
make[1]: Entering directory '/home/mateusz/ros/catkin_ws/build_isolated/rosserial_vex_v5/CMakeFiles/CMakeTmp'
Building C object CMakeFiles/cmTC_86082.dir/CheckSymbolExists.c.o
/usr/bin/cc    -o CMakeFiles/cmTC_86082.dir/CheckSymbolExists.c.o   -c /home/mateusz/ros/catkin_ws/build_isolated/rosserial_vex_v5/CMakeFiles/CMakeTmp/CheckSymbolExists.c
Linking C executable cmTC_86082
/usr/bin/cmake -E cmake_link_script CMakeFiles/cmTC_86082.dir/link.txt --verbose=1
/usr/bin/cc      -rdynamic CMakeFiles/cmTC_86082.dir/CheckSymbolExists.c.o  -o cmTC_86082 
CMakeFiles/cmTC_86082.dir/CheckSymbolExists.c.o: In function `main':
CheckSymbolExists.c:(.text+0x1b): undefined reference to `pthread_create'
collect2: error: ld returned 1 exit status
CMakeFiles/cmTC_86082.dir/build.make:97: recipe for target 'cmTC_86082' failed
make[1]: *** [cmTC_86082] Error 1
make[1]: Leaving directory '/home/mateusz/ros/catkin_ws/build_isolated/rosserial_vex_v5/CMakeFiles/CMakeTmp'
Makefile:126: recipe for target 'cmTC_86082/fast' failed
make: *** [cmTC_86082/fast] Error 2

File /home/mateusz/ros/catkin_ws/build_isolated/rosserial_vex_v5/CMakeFiles/CMakeTmp/CheckSymbolExists.c:
/* */
#include <pthread.h>

int main(int argc, char** argv)
{
  (void)argv;
#ifndef pthread_create
  return ((int*)(&pthread_create))[argc];
#else
  (void)argc;
  return 0;
#endif
}

Determining if the function pthread_create exists in the pthreads failed with the following output:
Change Dir: /home/mateusz/ros/catkin_ws/build_isolated/rosserial_vex_v5/CMakeFiles/CMakeTmp

Run Build Command:"/usr/bin/make" "cmTC_83a63/fast"
/usr/bin/make -f CMakeFiles/cmTC_83a63.dir/build.make CMakeFiles/cmTC_83a63.dir/build
make[1]: Entering directory '/home/mateusz/ros/catkin_ws/build_isolated/rosserial_vex_v5/CMakeFiles/CMakeTmp'
Building C object CMakeFiles/cmTC_83a63.dir/CheckFunctionExists.c.o
/usr/bin/cc   -DCHECK_FUNCTION_EXISTS=pthread_create   -o CMakeFiles/cmTC_83a63.dir/CheckFunctionExists.c.o   -c /usr/share/cmake-3.10/Modules/CheckFunctionExists.c
Linking C executable cmTC_83a63
/usr/bin/cmake -E cmake_link_script CMakeFiles/cmTC_83a63.dir/link.txt --verbose=1
/usr/bin/cc  -DCHECK_FUNCTION_EXISTS=pthread_create    -rdynamic CMakeFiles/cmTC_83a63.dir/CheckFunctionExists.c.o  -o cmTC_83a63 -lpthreads 
/usr/bin/ld: cannot find -lpthreads
collect2: error: ld returned 1 exit status
CMakeFiles/cmTC_83a63.dir/build.make:97: recipe for target 'cmTC_83a63' failed
make[1]: *** [cmTC_83a63] Error 1
make[1]: Leaving directory '/home/mateusz/ros/catkin_ws/build_isolated/rosserial_vex_v5/CMakeFiles/CMakeTmp'
Makefile:126: recipe for target 'cmTC_83a63/fast' failed
make: *** [cmTC_83a63/fast] Error 2


